Base path: '/Users/builduser/buildslave/unity/build/build/MacEditor/Unity.app/Contents', plugins path ''
Cmd: initializeCompiler
Cmd: compileComputeKernel
  api=14 insize=1176 outsize=1348 ok=1
Cmd: translateComputeKernel
  api=14 insize=48832 outsize=85873 ok=1
Cmd: compileComputeKernel
  api=14 insize=4855 outsize=5116 ok=1
Cmd: compileComputeKernel
  api=14 insize=3396 outsize=3205 ok=1
Cmd: compileComputeKernel
  api=14 insize=18299 outsize=9678 ok=1
Cmd: compileComputeKernel
  api=14 insize=18299 outsize=11447 ok=1
Cmd: translateComputeKernel
  api=14 insize=9678 outsize=16573 ok=1
Cmd: translateComputeKernel
  api=14 insize=1153 outsize=1425 ok=1
Cmd: translateComputeKernel
  api=14 insize=1199 outsize=1303 ok=1

Quitting shader compiler process
